<?xml version="1.0" encoding="UTF-8"?>
<testng-results skipped="0" failed="0" ignored="0" total="1" passed="1">
  <reporter-output>
  </reporter-output>
  <suite name="Default suite" duration-ms="6664" started-at="2018-06-25T07:04:02Z" finished-at="2018-06-25T07:04:08Z">
    <groups>
    </groups>
    <test name="Default test" duration-ms="6664" started-at="2018-06-25T07:04:02Z" finished-at="2018-06-25T07:04:08Z">
      <class name="daksha.ex.meaningful.model1.automator.withInlineLocators.WebTestWithSeleniumAutomator">
        <test-method status="PASS" signature="initContext(org.testng.ITestContext)[pri:0, instance:daksha.ex.meaningful.model1.automator.withInlineLocators.WebTestWithSeleniumAutomator@bd8db5a]" name="initContext" is-config="true" duration-ms="12" started-at="2018-06-25T07:04:01Z" finished-at="2018-06-25T07:04:01Z">
          <params>
            <param index="0">
              <value>
                <![CDATA[org.testng.TestRunner@7f973a14]]>
              </value>
            </param>
          </params>
          <reporter-output>
          </reporter-output>
        </test-method> <!-- initContext -->
        <test-method status="PASS" signature="initDaksha()[pri:0, instance:daksha.ex.meaningful.model1.automator.withInlineLocators.WebTestWithSeleniumAutomator@bd8db5a]" name="initDaksha" is-config="true" duration-ms="52" started-at="2018-06-25T07:04:01Z" finished-at="2018-06-25T07:04:02Z">
          <reporter-output>
          </reporter-output>
        </test-method> <!-- initDaksha -->
        <test-method status="PASS" signature="createAutomator(org.testng.ITestContext)[pri:0, instance:daksha.ex.meaningful.model1.automator.withInlineLocators.WebTestWithSeleniumAutomator@bd8db5a]" name="createAutomator" is-config="true" duration-ms="1531" started-at="2018-06-25T07:04:02Z" finished-at="2018-06-25T07:04:03Z">
          <params>
            <param index="0">
              <value>
                <![CDATA[org.testng.TestRunner@7f973a14]]>
              </value>
            </param>
          </params>
          <reporter-output>
          </reporter-output>
        </test-method> <!-- createAutomator -->
        <test-method status="PASS" signature="test()[pri:0, instance:daksha.ex.meaningful.model1.automator.withInlineLocators.WebTestWithSeleniumAutomator@bd8db5a]" name="test" duration-ms="5026" started-at="2018-06-25T07:04:03Z" finished-at="2018-06-25T07:04:08Z">
          <reporter-output>
          </reporter-output>
        </test-method> <!-- test -->
        <test-method status="PASS" signature="closeAutomator(org.testng.ITestContext)[pri:0, instance:daksha.ex.meaningful.model1.automator.withInlineLocators.WebTestWithSeleniumAutomator@bd8db5a]" name="closeAutomator" is-config="true" duration-ms="88" started-at="2018-06-25T07:04:08Z" finished-at="2018-06-25T07:04:08Z">
          <params>
            <param index="0">
              <value>
                <![CDATA[org.testng.TestRunner@7f973a14]]>
              </value>
            </param>
          </params>
          <reporter-output>
          </reporter-output>
        </test-method> <!-- closeAutomator -->
      </class> <!-- daksha.ex.meaningful.model1.automator.withInlineLocators.WebTestWithSeleniumAutomator -->
    </test> <!-- Default test -->
  </suite> <!-- Default suite -->
</testng-results>
