<?xml version="1.0" encoding="UTF-8"?>
<testng-results skipped="0" failed="0" ignored="0" total="1" passed="1">
  <reporter-output>
  </reporter-output>
  <suite name="Default suite" duration-ms="6887" started-at="2018-06-18T17:46:24Z" finished-at="2018-06-18T17:46:31Z">
    <groups>
    </groups>
    <test name="Default test" duration-ms="6887" started-at="2018-06-18T17:46:24Z" finished-at="2018-06-18T17:46:31Z">
      <class name="daksha.ex.uiauto01.web.uidriver.WebTestAutomationWithUiDriver">
        <test-method status="PASS" signature="test()[pri:0, instance:daksha.ex.uiauto01.web.uidriver.WebTestAutomationWithUiDriver@34cd072c]" name="test" duration-ms="6865" started-at="2018-06-18T17:46:24Z" finished-at="2018-06-18T17:46:31Z">
          <reporter-output>
          </reporter-output>
        </test-method> <!-- test -->
      </class> <!-- daksha.ex.uiauto01.web.uidriver.WebTestAutomationWithUiDriver -->
    </test> <!-- Default test -->
  </suite> <!-- Default suite -->
</testng-results>
